# JRE version: Java(TM) SE Runtime Environment (8.0_181-b13) (build 1.8.0_181-b13)
# Java VM: Java HotSpot(TM) 64-Bit Server VM (25.181-b13 mixed mode windows-amd64 compressed oops)
Heap:
 PSYoungGen      total 306688K, used 47579K [0x00000000eab00000, 0x0000000100000000, 0x0000000100000000)
  eden space 283648K, 8% used [0x00000000eab00000,0x00000000ec2fa818,0x00000000fc000000)
  from space 23040K, 99% used [0x00000000fe980000,0x00000000ffffc4f8,0x0000000100000000)
  to   space 32768K, 0% used [0x00000000fc000000,0x00000000fc000000,0x00000000fe000000)
 ParOldGen       total 117760K, used 60986K [0x00000000c0000000, 0x00000000c7300000, 0x00000000eab00000)
  object space 117760K, 51% used [0x00000000c0000000,0x00000000c3b8eb68,0x00000000c7300000)
 Metaspace       used 71666K, capacity 74830K, committed 75056K, reserved 1114112K
  class space    used 9747K, capacity 10452K, committed 10544K, reserved 1048576K
GC Heap History (10 events):
Event: 23.343 GC heap before
{Heap before GC invocations=13 (full 2):
 PSYoungGen      total 211456K, used 178481K [0x00000000eab00000, 0x00000000f9280000, 0x0000000100000000)
  eden space 196608K, 83% used [0x00000000eab00000,0x00000000f4ad2c58,0x00000000f6b00000)
  from space 14848K, 99% used [0x00000000f7e00000,0x00000000f8c79a00,0x00000000f8c80000)
  to   space 19456K, 0% used [0x00000000f6b00000,0x00000000f6b00000,0x00000000f7e00000)
 ParOldGen       total 77312K, used 24391K [0x00000000c0000000, 0x00000000c4b80000, 0x00000000eab00000)
  object space 77312K, 31% used [0x00000000c0000000,0x00000000c17d1c50,0x00000000c4b80000)
 Metaspace       used 57273K, capacity 59112K, committed 59160K, reserved 1099776K
  class space    used 7883K, capacity 8355K, committed 8368K, reserved 1048576K
Event: 23.377 GC heap after
Heap after GC invocations=13 (full 2):
 PSYoungGen      total 216064K, used 19450K [0x00000000eab00000, 0x00000000fed80000, 0x0000000100000000)
  eden space 196608K, 0% used [0x00000000eab00000,0x00000000eab00000,0x00000000f6b00000)
  from space 19456K, 99% used [0x00000000f6b00000,0x00000000f7dfe8f0,0x00000000f7e00000)
  to   space 23040K, 0% used [0x00000000fd700000,0x00000000fd700000,0x00000000fed80000)
 ParOldGen       total 77312K, used 26885K [0x00000000c0000000, 0x00000000c4b80000, 0x00000000eab00000)
  object space 77312K, 34% used [0x00000000c0000000,0x00000000c1a417c0,0x00000000c4b80000)
 Metaspace       used 57273K, capacity 59112K, committed 59160K, reserved 1099776K
  class space    used 7883K, capacity 8355K, committed 8368K, reserved 1048576K
}
Event: 23.377 GC heap before
{Heap before GC invocations=14 (full 3):
 PSYoungGen      total 216064K, used 19450K [0x00000000eab00000, 0x00000000fed80000, 0x0000000100000000)
  eden space 196608K, 0% used [0x00000000eab00000,0x00000000eab00000,0x00000000f6b00000)
  from space 19456K, 99% used [0x00000000f6b00000,0x00000000f7dfe8f0,0x00000000f7e00000)
  to   space 23040K, 0% used [0x00000000fd700000,0x00000000fd700000,0x00000000fed80000)
 ParOldGen       total 77312K, used 26885K [0x00000000c0000000, 0x00000000c4b80000, 0x00000000eab00000)
  object space 77312K, 34% used [0x00000000c0000000,0x00000000c1a417c0,0x00000000c4b80000)
 Metaspace       used 57273K, capacity 59112K, committed 59160K, reserved 1099776K
  class space    used 7883K, capacity 8355K, committed 8368K, reserved 1048576K
Event: 23.743 GC heap after
Heap after GC invocations=14 (full 3):
 PSYoungGen      total 216064K, used 0K [0x00000000eab00000, 0x00000000fed80000, 0x0000000100000000)
  eden space 196608K, 0% used [0x00000000eab00000,0x00000000eab00000,0x00000000f6b00000)
  from space 19456K, 0% used [0x00000000f6b00000,0x00000000f6b00000,0x00000000f7e00000)
  to   space 23040K, 0% used [0x00000000fd700000,0x00000000fd700000,0x00000000fed80000)
 ParOldGen       total 117760K, used 42995K [0x00000000c0000000, 0x00000000c7300000, 0x00000000eab00000)
  object space 117760K, 36% used [0x00000000c0000000,0x00000000c29fcef8,0x00000000c7300000)
 Metaspace       used 57273K, capacity 59112K, committed 59160K, reserved 1099776K
  class space    used 7883K, capacity 8355K, committed 8368K, reserved 1048576K
}
Event: 26.363 GC heap before
{Heap before GC invocations=15 (full 3):
 PSYoungGen      total 216064K, used 196608K [0x00000000eab00000, 0x00000000fed80000, 0x0000000100000000)
  eden space 196608K, 100% used [0x00000000eab00000,0x00000000f6b00000,0x00000000f6b00000)
  from space 19456K, 0% used [0x00000000f6b00000,0x00000000f6b00000,0x00000000f7e00000)
  to   space 23040K, 0% used [0x00000000fd700000,0x00000000fd700000,0x00000000fed80000)
 ParOldGen       total 117760K, used 42995K [0x00000000c0000000, 0x00000000c7300000, 0x00000000eab00000)
  object space 117760K, 36% used [0x00000000c0000000,0x00000000c29fcef8,0x00000000c7300000)
 Metaspace       used 57770K, capacity 59654K, committed 59952K, reserved 1101824K
  class space    used 7939K, capacity 8426K, committed 8496K, reserved 1048576K
Event: 26.368 GC heap after
Heap after GC invocations=15 (full 3):
 PSYoungGen      total 295936K, used 1440K [0x00000000eab00000, 0x00000000fe880000, 0x0000000100000000)
  eden space 278016K, 0% used [0x00000000eab00000,0x00000000eab00000,0x00000000fba80000)
  from space 17920K, 8% used [0x00000000fd700000,0x00000000fd868000,0x00000000fe880000)
  to   space 23552K, 0% used [0x00000000fba80000,0x00000000fba80000,0x00000000fd180000)
 ParOldGen       total 117760K, used 43003K [0x00000000c0000000, 0x00000000c7300000, 0x00000000eab00000)
  object space 117760K, 36% used [0x00000000c0000000,0x00000000c29feef8,0x00000000c7300000)
 Metaspace       used 57770K, capacity 59654K, committed 59952K, reserved 1101824K
  class space    used 7939K, capacity 8426K, committed 8496K, reserved 1048576K
}
Event: 36.343 GC heap before
{Heap before GC invocations=16 (full 3):
 PSYoungGen      total 295936K, used 279456K [0x00000000eab00000, 0x00000000fe880000, 0x0000000100000000)
  eden space 278016K, 100% used [0x00000000eab00000,0x00000000fba80000,0x00000000fba80000)
  from space 17920K, 8% used [0x00000000fd700000,0x00000000fd868000,0x00000000fe880000)
  to   space 23552K, 0% used [0x00000000fba80000,0x00000000fba80000,0x00000000fd180000)
 ParOldGen       total 117760K, used 43003K [0x00000000c0000000, 0x00000000c7300000, 0x00000000eab00000)
  object space 117760K, 36% used [0x00000000c0000000,0x00000000c29feef8,0x00000000c7300000)
 Metaspace       used 63321K, capacity 65194K, committed 65456K, reserved 1105920K
  class space    used 8567K, capacity 9102K, committed 9136K, reserved 1048576K
Event: 36.373 GC heap after
Heap after GC invocations=16 (full 3):
 PSYoungGen      total 301568K, used 11882K [0x00000000eab00000, 0x0000000100000000, 0x0000000100000000)
  eden space 278016K, 0% used [0x00000000eab00000,0x00000000eab00000,0x00000000fba80000)
  from space 23552K, 50% used [0x00000000fba80000,0x00000000fc61abc0,0x00000000fd180000)
  to   space 23040K, 0% used [0x00000000fe980000,0x00000000fe980000,0x0000000100000000)
 ParOldGen       total 117760K, used 43609K [0x00000000c0000000, 0x00000000c7300000, 0x00000000eab00000)
  object space 117760K, 37% used [0x00000000c0000000,0x00000000c2a964b0,0x00000000c7300000)
 Metaspace       used 63321K, capacity 65194K, committed 65456K, reserved 1105920K
  class space    used 8567K, capacity 9102K, committed 9136K, reserved 1048576K
}
Event: 47.572 GC heap before
{Heap before GC invocations=17 (full 3):
 PSYoungGen      total 301568K, used 289898K [0x00000000eab00000, 0x0000000100000000, 0x0000000100000000)
  eden space 278016K, 100% used [0x00000000eab00000,0x00000000fba80000,0x00000000fba80000)
  from space 23552K, 50% used [0x00000000fba80000,0x00000000fc61abc0,0x00000000fd180000)
  to   space 23040K, 0% used [0x00000000fe980000,0x00000000fe980000,0x0000000100000000)
 ParOldGen       total 117760K, used 43609K [0x00000000c0000000, 0x00000000c7300000, 0x00000000eab00000)
  object space 117760K, 37% used [0x00000000c0000000,0x00000000c2a964b0,0x00000000c7300000)
 Metaspace       used 70768K, capacity 73816K, committed 74032K, reserved 1114112K
  class space    used 9584K, capacity 10275K, committed 10288K, reserved 1048576K
Event: 47.637 GC heap after
Heap after GC invocations=17 (full 3):
 PSYoungGen      total 306688K, used 23025K [0x00000000eab00000, 0x0000000100000000, 0x0000000100000000)
  eden space 283648K, 0% used [0x00000000eab00000,0x00000000eab00000,0x00000000fc000000)
  from space 23040K, 99% used [0x00000000fe980000,0x00000000ffffc4f8,0x0000000100000000)
  to   space 32768K, 0% used [0x00000000fc000000,0x00000000fc000000,0x00000000fe000000)
 ParOldGen       total 117760K, used 60986K [0x00000000c0000000, 0x00000000c7300000, 0x00000000eab00000)
  object space 117760K, 51% used [0x00000000c0000000,0x00000000c3b8eb68,0x00000000c7300000)
 Metaspace       used 70768K, capacity 73816K, committed 74032K, reserved 1114112K
  class space    used 9584K, capacity 10275K, committed 10288K, reserved 1048576K
}

