# JRE version: Java(TM) SE Runtime Environment (8.0_181-b13) (build 1.8.0_181-b13)
# Java VM: Java HotSpot(TM) 64-Bit Server VM (25.181-b13 mixed mode windows-amd64 compressed oops)
Heap:
 PSYoungGen      total 166400K, used 55889K [0x00000000eab00000, 0x00000000f7f80000, 0x0000000100000000)
  eden space 147968K, 37% used [0x00000000eab00000,0x00000000ee194788,0x00000000f3b80000)
  from space 18432K, 0% used [0x00000000f3b80000,0x00000000f3b80000,0x00000000f4d80000)
  to   space 17920K, 0% used [0x00000000f6e00000,0x00000000f6e00000,0x00000000f7f80000)
 ParOldGen       total 148480K, used 34942K [0x00000000c0000000, 0x00000000c9100000, 0x00000000eab00000)
  object space 148480K, 23% used [0x00000000c0000000,0x00000000c221fa48,0x00000000c9100000)
 Metaspace       used 60777K, capacity 62590K, committed 62872K, reserved 1103872K
  class space    used 8334K, capacity 8826K, committed 8880K, reserved 1048576K
GC Heap History (10 events):
Event: 12.854 GC heap before
{Heap before GC invocations=14 (full 2):
 PSYoungGen      total 115712K, used 115694K [0x00000000eab00000, 0x00000000f4000000, 0x0000000100000000)
  eden space 104960K, 100% used [0x00000000eab00000,0x00000000f1180000,0x00000000f1180000)
  from space 10752K, 99% used [0x00000000f1180000,0x00000000f1bfbbe8,0x00000000f1c00000)
  to   space 13824K, 0% used [0x00000000f3280000,0x00000000f3280000,0x00000000f4000000)
 ParOldGen       total 94720K, used 20520K [0x00000000c0000000, 0x00000000c5c80000, 0x00000000eab00000)
  object space 94720K, 21% used [0x00000000c0000000,0x00000000c140a3a0,0x00000000c5c80000)
 Metaspace       used 53603K, capacity 55318K, committed 55344K, reserved 1097728K
  class space    used 7519K, capacity 7978K, committed 7984K, reserved 1048576K
Event: 12.884 GC heap after
Heap after GC invocations=14 (full 2):
 PSYoungGen      total 134144K, used 13810K [0x00000000eab00000, 0x00000000f4e80000, 0x0000000100000000)
  eden space 120320K, 0% used [0x00000000eab00000,0x00000000eab00000,0x00000000f2080000)
  from space 13824K, 99% used [0x00000000f3280000,0x00000000f3ffcab0,0x00000000f4000000)
  to   space 18432K, 0% used [0x00000000f2080000,0x00000000f2080000,0x00000000f3280000)
 ParOldGen       total 94720K, used 28433K [0x00000000c0000000, 0x00000000c5c80000, 0x00000000eab00000)
  object space 94720K, 30% used [0x00000000c0000000,0x00000000c1bc45b8,0x00000000c5c80000)
 Metaspace       used 53603K, capacity 55318K, committed 55344K, reserved 1097728K
  class space    used 7519K, capacity 7978K, committed 7984K, reserved 1048576K
}
Event: 17.094 GC heap before
{Heap before GC invocations=15 (full 2):
 PSYoungGen      total 134144K, used 134130K [0x00000000eab00000, 0x00000000f4e80000, 0x0000000100000000)
  eden space 120320K, 100% used [0x00000000eab00000,0x00000000f2080000,0x00000000f2080000)
  from space 13824K, 99% used [0x00000000f3280000,0x00000000f3ffcab0,0x00000000f4000000)
  to   space 18432K, 0% used [0x00000000f2080000,0x00000000f2080000,0x00000000f3280000)
 ParOldGen       total 94720K, used 28433K [0x00000000c0000000, 0x00000000c5c80000, 0x00000000eab00000)
  object space 94720K, 30% used [0x00000000c0000000,0x00000000c1bc45b8,0x00000000c5c80000)
 Metaspace       used 55574K, capacity 57402K, committed 57648K, reserved 1099776K
  class space    used 7729K, capacity 8182K, committed 8240K, reserved 1048576K
Event: 17.131 GC heap after
Heap after GC invocations=15 (full 2):
 PSYoungGen      total 138752K, used 4187K [0x00000000eab00000, 0x00000000f5f80000, 0x0000000100000000)
  eden space 120320K, 0% used [0x00000000eab00000,0x00000000eab00000,0x00000000f2080000)
  from space 18432K, 22% used [0x00000000f2080000,0x00000000f2496cc0,0x00000000f3280000)
  to   space 18432K, 0% used [0x00000000f4d80000,0x00000000f4d80000,0x00000000f5f80000)
 ParOldGen       total 94720K, used 41269K [0x00000000c0000000, 0x00000000c5c80000, 0x00000000eab00000)
  object space 94720K, 43% used [0x00000000c0000000,0x00000000c284d7c0,0x00000000c5c80000)
 Metaspace       used 55574K, capacity 57402K, committed 57648K, reserved 1099776K
  class space    used 7729K, capacity 8182K, committed 8240K, reserved 1048576K
}
Event: 18.376 GC heap before
{Heap before GC invocations=16 (full 2):
 PSYoungGen      total 138752K, used 124507K [0x00000000eab00000, 0x00000000f5f80000, 0x0000000100000000)
  eden space 120320K, 100% used [0x00000000eab00000,0x00000000f2080000,0x00000000f2080000)
  from space 18432K, 22% used [0x00000000f2080000,0x00000000f2496cc0,0x00000000f3280000)
  to   space 18432K, 0% used [0x00000000f4d80000,0x00000000f4d80000,0x00000000f5f80000)
 ParOldGen       total 94720K, used 41269K [0x00000000c0000000, 0x00000000c5c80000, 0x00000000eab00000)
  object space 94720K, 43% used [0x00000000c0000000,0x00000000c284d7c0,0x00000000c5c80000)
 Metaspace       used 55597K, capacity 57434K, committed 57648K, reserved 1099776K
  class space    used 7733K, capacity 8214K, committed 8240K, reserved 1048576K
Event: 18.402 GC heap after
Heap after GC invocations=16 (full 2):
 PSYoungGen      total 166400K, used 3136K [0x00000000eab00000, 0x00000000f6200000, 0x0000000100000000)
  eden space 147968K, 0% used [0x00000000eab00000,0x00000000eab00000,0x00000000f3b80000)
  from space 18432K, 17% used [0x00000000f4d80000,0x00000000f5090000,0x00000000f5f80000)
  to   space 18432K, 0% used [0x00000000f3b80000,0x00000000f3b80000,0x00000000f4d80000)
 ParOldGen       total 94720K, used 41277K [0x00000000c0000000, 0x00000000c5c80000, 0x00000000eab00000)
  object space 94720K, 43% used [0x00000000c0000000,0x00000000c284f7c0,0x00000000c5c80000)
 Metaspace       used 55597K, capacity 57434K, committed 57648K, reserved 1099776K
  class space    used 7733K, capacity 8214K, committed 8240K, reserved 1048576K
}
Event: 19.197 GC heap before
{Heap before GC invocations=17 (full 2):
 PSYoungGen      total 166400K, used 129046K [0x00000000eab00000, 0x00000000f6200000, 0x0000000100000000)
  eden space 147968K, 85% used [0x00000000eab00000,0x00000000f25f5a88,0x00000000f3b80000)
  from space 18432K, 17% used [0x00000000f4d80000,0x00000000f5090000,0x00000000f5f80000)
  to   space 18432K, 0% used [0x00000000f3b80000,0x00000000f3b80000,0x00000000f4d80000)
 ParOldGen       total 94720K, used 41277K [0x00000000c0000000, 0x00000000c5c80000, 0x00000000eab00000)
  object space 94720K, 43% used [0x00000000c0000000,0x00000000c284f7c0,0x00000000c5c80000)
 Metaspace       used 57201K, capacity 59038K, committed 59160K, reserved 1099776K
  class space    used 7981K, capacity 8474K, committed 8496K, reserved 1048576K
Event: 19.203 GC heap after
Heap after GC invocations=17 (full 2):
 PSYoungGen      total 166400K, used 3568K [0x00000000eab00000, 0x00000000f7f80000, 0x0000000100000000)
  eden space 147968K, 0% used [0x00000000eab00000,0x00000000eab00000,0x00000000f3b80000)
  from space 18432K, 19% used [0x00000000f3b80000,0x00000000f3efc020,0x00000000f4d80000)
  to   space 17920K, 0% used [0x00000000f6e00000,0x00000000f6e00000,0x00000000f7f80000)
 ParOldGen       total 94720K, used 41285K [0x00000000c0000000, 0x00000000c5c80000, 0x00000000eab00000)
  object space 94720K, 43% used [0x00000000c0000000,0x00000000c28517c0,0x00000000c5c80000)
 Metaspace       used 57201K, capacity 59038K, committed 59160K, reserved 1099776K
  class space    used 7981K, capacity 8474K, committed 8496K, reserved 1048576K
}
Event: 19.203 GC heap before
{Heap before GC invocations=18 (full 3):
 PSYoungGen      total 166400K, used 3568K [0x00000000eab00000, 0x00000000f7f80000, 0x0000000100000000)
  eden space 147968K, 0% used [0x00000000eab00000,0x00000000eab00000,0x00000000f3b80000)
  from space 18432K, 19% used [0x00000000f3b80000,0x00000000f3efc020,0x00000000f4d80000)
  to   space 17920K, 0% used [0x00000000f6e00000,0x00000000f6e00000,0x00000000f7f80000)
 ParOldGen       total 94720K, used 41285K [0x00000000c0000000, 0x00000000c5c80000, 0x00000000eab00000)
  object space 94720K, 43% used [0x00000000c0000000,0x00000000c28517c0,0x00000000c5c80000)
 Metaspace       used 57201K, capacity 59038K, committed 59160K, reserved 1099776K
  class space    used 7981K, capacity 8474K, committed 8496K, reserved 1048576K
Event: 19.487 GC heap after
Heap after GC invocations=18 (full 3):
 PSYoungGen      total 166400K, used 0K [0x00000000eab00000, 0x00000000f7f80000, 0x0000000100000000)
  eden space 147968K, 0% used [0x00000000eab00000,0x00000000eab00000,0x00000000f3b80000)
  from space 18432K, 0% used [0x00000000f3b80000,0x00000000f3b80000,0x00000000f4d80000)
  to   space 17920K, 0% used [0x00000000f6e00000,0x00000000f6e00000,0x00000000f7f80000)
 ParOldGen       total 148480K, used 34942K [0x00000000c0000000, 0x00000000c9100000, 0x00000000eab00000)
  object space 148480K, 23% used [0x00000000c0000000,0x00000000c221fa48,0x00000000c9100000)
 Metaspace       used 57201K, capacity 59038K, committed 59160K, reserved 1099776K
  class space    used 7981K, capacity 8474K, committed 8496K, reserved 1048576K
}

