# JRE version: Java(TM) SE Runtime Environment (8.0_181-b13) (build 1.8.0_181-b13)
# Java VM: Java HotSpot(TM) 64-Bit Server VM (25.181-b13 mixed mode windows-amd64 compressed oops)
Heap:
 PSYoungGen      total 156160K, used 74562K [0x00000000eab00000, 0x00000000f7800000, 0x0000000100000000)
  eden space 136192K, 54% used [0x00000000eab00000,0x00000000ef3d0980,0x00000000f3000000)
  from space 19968K, 0% used [0x00000000f3000000,0x00000000f3000000,0x00000000f4380000)
  to   space 19968K, 0% used [0x00000000f6480000,0x00000000f6480000,0x00000000f7800000)
 ParOldGen       total 144384K, used 36564K [0x00000000c0000000, 0x00000000c8d00000, 0x00000000eab00000)
  object space 144384K, 25% used [0x00000000c0000000,0x00000000c23b5048,0x00000000c8d00000)
 Metaspace       used 57918K, capacity 59746K, committed 59824K, reserved 1101824K
  class space    used 7857K, capacity 8326K, committed 8368K, reserved 1048576K
GC Heap History (10 events):
Event: 12.961 GC heap before
{Heap before GC invocations=12 (full 2):
 PSYoungGen      total 96768K, used 85504K [0x00000000eab00000, 0x00000000f3780000, 0x0000000100000000)
  eden space 85504K, 100% used [0x00000000eab00000,0x00000000efe80000,0x00000000efe80000)
  from space 11264K, 0% used [0x00000000efe80000,0x00000000efe80000,0x00000000f0980000)
  to   space 11264K, 0% used [0x00000000f2c80000,0x00000000f2c80000,0x00000000f3780000)
 ParOldGen       total 90624K, used 15672K [0x00000000c0000000, 0x00000000c5880000, 0x00000000eab00000)
  object space 90624K, 17% used [0x00000000c0000000,0x00000000c0f4e248,0x00000000c5880000)
 Metaspace       used 39641K, capacity 40476K, committed 40624K, reserved 1083392K
  class space    used 5492K, capacity 5761K, committed 5808K, reserved 1048576K
Event: 12.978 GC heap after
Heap after GC invocations=12 (full 2):
 PSYoungGen      total 117248K, used 9042K [0x00000000eab00000, 0x00000000f3580000, 0x0000000100000000)
  eden space 108032K, 0% used [0x00000000eab00000,0x00000000eab00000,0x00000000f1480000)
  from space 9216K, 98% used [0x00000000f2c80000,0x00000000f35549d8,0x00000000f3580000)
  to   space 11776K, 0% used [0x00000000f1e80000,0x00000000f1e80000,0x00000000f2a00000)
 ParOldGen       total 90624K, used 15680K [0x00000000c0000000, 0x00000000c5880000, 0x00000000eab00000)
  object space 90624K, 17% used [0x00000000c0000000,0x00000000c0f50248,0x00000000c5880000)
 Metaspace       used 39641K, capacity 40476K, committed 40624K, reserved 1083392K
  class space    used 5492K, capacity 5761K, committed 5808K, reserved 1048576K
}
Event: 16.196 GC heap before
{Heap before GC invocations=13 (full 2):
 PSYoungGen      total 117248K, used 117074K [0x00000000eab00000, 0x00000000f3580000, 0x0000000100000000)
  eden space 108032K, 100% used [0x00000000eab00000,0x00000000f1480000,0x00000000f1480000)
  from space 9216K, 98% used [0x00000000f2c80000,0x00000000f35549d8,0x00000000f3580000)
  to   space 11776K, 0% used [0x00000000f1e80000,0x00000000f1e80000,0x00000000f2a00000)
 ParOldGen       total 90624K, used 15680K [0x00000000c0000000, 0x00000000c5880000, 0x00000000eab00000)
  object space 90624K, 17% used [0x00000000c0000000,0x00000000c0f50248,0x00000000c5880000)
 Metaspace       used 48972K, capacity 50314K, committed 50480K, reserved 1093632K
  class space    used 6816K, capacity 7172K, committed 7216K, reserved 1048576K
Event: 16.311 GC heap after
Heap after GC invocations=13 (full 2):
 PSYoungGen      total 130048K, used 11766K [0x00000000eab00000, 0x00000000f5200000, 0x0000000100000000)
  eden space 118272K, 0% used [0x00000000eab00000,0x00000000eab00000,0x00000000f1e80000)
  from space 11776K, 99% used [0x00000000f1e80000,0x00000000f29fda00,0x00000000f2a00000)
  to   space 14848K, 0% used [0x00000000f4380000,0x00000000f4380000,0x00000000f5200000)
 ParOldGen       total 90624K, used 20822K [0x00000000c0000000, 0x00000000c5880000, 0x00000000eab00000)
  object space 90624K, 22% used [0x00000000c0000000,0x00000000c1455a50,0x00000000c5880000)
 Metaspace       used 48972K, capacity 50314K, committed 50480K, reserved 1093632K
  class space    used 6816K, capacity 7172K, committed 7216K, reserved 1048576K
}
Event: 19.733 GC heap before
{Heap before GC invocations=14 (full 2):
 PSYoungGen      total 130048K, used 130038K [0x00000000eab00000, 0x00000000f5200000, 0x0000000100000000)
  eden space 118272K, 100% used [0x00000000eab00000,0x00000000f1e80000,0x00000000f1e80000)
  from space 11776K, 99% used [0x00000000f1e80000,0x00000000f29fda00,0x00000000f2a00000)
  to   space 14848K, 0% used [0x00000000f4380000,0x00000000f4380000,0x00000000f5200000)
 ParOldGen       total 90624K, used 20822K [0x00000000c0000000, 0x00000000c5880000, 0x00000000eab00000)
  object space 90624K, 22% used [0x00000000c0000000,0x00000000c1455a50,0x00000000c5880000)
 Metaspace       used 54107K, capacity 55860K, committed 55984K, reserved 1097728K
  class space    used 7573K, capacity 8025K, committed 8112K, reserved 1048576K
Event: 19.768 GC heap after
Heap after GC invocations=14 (full 2):
 PSYoungGen      total 151040K, used 14817K [0x00000000eab00000, 0x00000000f6680000, 0x0000000100000000)
  eden space 136192K, 0% used [0x00000000eab00000,0x00000000eab00000,0x00000000f3000000)
  from space 14848K, 99% used [0x00000000f4380000,0x00000000f51f8730,0x00000000f5200000)
  to   space 19968K, 0% used [0x00000000f3000000,0x00000000f3000000,0x00000000f4380000)
 ParOldGen       total 90624K, used 29405K [0x00000000c0000000, 0x00000000c5880000, 0x00000000eab00000)
  object space 90624K, 32% used [0x00000000c0000000,0x00000000c1cb7738,0x00000000c5880000)
 Metaspace       used 54107K, capacity 55860K, committed 55984K, reserved 1097728K
  class space    used 7573K, capacity 8025K, committed 8112K, reserved 1048576K
}
Event: 32.855 GC heap before
{Heap before GC invocations=15 (full 2):
 PSYoungGen      total 151040K, used 50376K [0x00000000eab00000, 0x00000000f6680000, 0x0000000100000000)
  eden space 136192K, 26% used [0x00000000eab00000,0x00000000ecdb9a10,0x00000000f3000000)
  from space 14848K, 99% used [0x00000000f4380000,0x00000000f51f8730,0x00000000f5200000)
  to   space 19968K, 0% used [0x00000000f3000000,0x00000000f3000000,0x00000000f4380000)
 ParOldGen       total 90624K, used 29405K [0x00000000c0000000, 0x00000000c5880000, 0x00000000eab00000)
  object space 90624K, 32% used [0x00000000c0000000,0x00000000c1cb7738,0x00000000c5880000)
 Metaspace       used 57217K, capacity 58994K, committed 59160K, reserved 1099776K
  class space    used 7827K, capacity 8298K, committed 8368K, reserved 1048576K
Event: 32.874 GC heap after
Heap after GC invocations=15 (full 2):
 PSYoungGen      total 156160K, used 3916K [0x00000000eab00000, 0x00000000f7800000, 0x0000000100000000)
  eden space 136192K, 0% used [0x00000000eab00000,0x00000000eab00000,0x00000000f3000000)
  from space 19968K, 19% used [0x00000000f3000000,0x00000000f33d3240,0x00000000f4380000)
  to   space 19968K, 0% used [0x00000000f6480000,0x00000000f6480000,0x00000000f7800000)
 ParOldGen       total 90624K, used 43530K [0x00000000c0000000, 0x00000000c5880000, 0x00000000eab00000)
  object space 90624K, 48% used [0x00000000c0000000,0x00000000c2a829e8,0x00000000c5880000)
 Metaspace       used 57217K, capacity 58994K, committed 59160K, reserved 1099776K
  class space    used 7827K, capacity 8298K, committed 8368K, reserved 1048576K
}
Event: 32.874 GC heap before
{Heap before GC invocations=16 (full 3):
 PSYoungGen      total 156160K, used 3916K [0x00000000eab00000, 0x00000000f7800000, 0x0000000100000000)
  eden space 136192K, 0% used [0x00000000eab00000,0x00000000eab00000,0x00000000f3000000)
  from space 19968K, 19% used [0x00000000f3000000,0x00000000f33d3240,0x00000000f4380000)
  to   space 19968K, 0% used [0x00000000f6480000,0x00000000f6480000,0x00000000f7800000)
 ParOldGen       total 90624K, used 43530K [0x00000000c0000000, 0x00000000c5880000, 0x00000000eab00000)
  object space 90624K, 48% used [0x00000000c0000000,0x00000000c2a829e8,0x00000000c5880000)
 Metaspace       used 57217K, capacity 58994K, committed 59160K, reserved 1099776K
  class space    used 7827K, capacity 8298K, committed 8368K, reserved 1048576K
Event: 33.186 GC heap after
Heap after GC invocations=16 (full 3):
 PSYoungGen      total 156160K, used 0K [0x00000000eab00000, 0x00000000f7800000, 0x0000000100000000)
  eden space 136192K, 0% used [0x00000000eab00000,0x00000000eab00000,0x00000000f3000000)
  from space 19968K, 0% used [0x00000000f3000000,0x00000000f3000000,0x00000000f4380000)
  to   space 19968K, 0% used [0x00000000f6480000,0x00000000f6480000,0x00000000f7800000)
 ParOldGen       total 144384K, used 36564K [0x00000000c0000000, 0x00000000c8d00000, 0x00000000eab00000)
  object space 144384K, 25% used [0x00000000c0000000,0x00000000c23b5048,0x00000000c8d00000)
 Metaspace       used 57217K, capacity 58994K, committed 59160K, reserved 1099776K
  class space    used 7827K, capacity 8298K, committed 8368K, reserved 1048576K
}

